app/build/intermediates/manifest_merge_blame_file/debug/manifest-merger-blame-debug-report.txt
1<?xml version="1.0" encoding="utf-8"?>
2<manifest xmlns:android="http://schemas.android.com/apk/res/android"
3    package="zut.roulette"
4    android:versionCode="1"
5    android:versionName="1.0" >
6
7    <uses-sdk
8        android:minSdkVersion="21"
8-->src\main\AndroidManifest.xml
9        android:targetSdkVersion="28" />
9-->src\main\AndroidManifest.xml
10
11    <uses-permission android:name="android.permission.INTERNET" />
11-->src\main\AndroidManifest.xml:5:5-66
11-->src\main\AndroidManifest.xml:5:22-64
12    <uses-permission android:name="android.permission.ACCESS_NETWORK_STATE" />
12-->src\main\AndroidManifest.xml:6:5-79
12-->src\main\AndroidManifest.xml:6:22-76
13
14    <application
14-->src\main\AndroidManifest.xml:8:5-30:19
15        android:allowBackup="true"
15-->src\main\AndroidManifest.xml:9:9-35
16        android:appComponentFactory="androidx.core.app.CoreComponentFactory"
16-->[androidx.core:core:1.1.0] AndroidManifest.xml:24:18-86
17        android:debuggable="true"
18        android:icon="@mipmap/ic_launcher"
18-->src\main\AndroidManifest.xml:10:9-43
19        android:label="@string/app_name"
19-->src\main\AndroidManifest.xml:11:9-41
20        android:roundIcon="@mipmap/ic_launcher_round"
20-->src\main\AndroidManifest.xml:12:9-54
21        android:supportsRtl="true"
21-->src\main\AndroidManifest.xml:13:9-35
22        android:testOnly="true"
23        android:theme="@style/AppTheme" >
23-->src\main\AndroidManifest.xml:14:9-40
24        <activity
24-->src\main\AndroidManifest.xml:17:9-24:20
25            android:name="zut.roulette.SplashScreenActivity"
25-->src\main\AndroidManifest.xml:17:19-55
26            android:theme="@style/Theme.AppCompat.Light.NoActionBar" >
26-->src\main\AndroidManifest.xml:18:13-69
27            <intent-filter>
27-->src\main\AndroidManifest.xml:19:13-23:29
28                <action android:name="android.intent.action.MAIN" />
28-->src\main\AndroidManifest.xml:20:17-69
28-->src\main\AndroidManifest.xml:20:25-66
29
30                <category android:name="android.intent.category.LAUNCHER" />
30-->src\main\AndroidManifest.xml:22:17-77
30-->src\main\AndroidManifest.xml:22:27-74
31            </intent-filter>
32        </activity>
33        <activity
33-->src\main\AndroidManifest.xml:25:9-29:20
34            android:name="zut.roulette.MainActivity"
34-->src\main\AndroidManifest.xml:26:21-49
35            android:screenOrientation="portrait" >
35-->src\main\AndroidManifest.xml:27:21-57
36        </activity>
37
38        <service
38-->[androidx.room:room-runtime:2.2.4] AndroidManifest.xml:25:9-27:40
39            android:name="androidx.room.MultiInstanceInvalidationService"
39-->[androidx.room:room-runtime:2.2.4] AndroidManifest.xml:26:13-74
40            android:exported="false" />
40-->[androidx.room:room-runtime:2.2.4] AndroidManifest.xml:27:13-37
41    </application>
42
43</manifest>